<?xml version="1.0" encoding="UTF-8"?>
<!-- Generated by org.testng.reporters.JUnitReportReporter -->
<testsuite hostname="VIDHYA" failures="0" tests="1" name="DDT.ImplementCreateCampaignWithMandatoryFields" time="13.900" errors="0" timestamp="2025-07-26T20:55:03 IST" skipped="0">
  <testcase classname="DDT.ImplementCreateCampaignWithMandatoryFields" name="toCreateCampaignwithMAndatoryFields" time="13.900"/>
</testsuite> <!-- DDT.ImplementCreateCampaignWithMandatoryFields -->
