<?xml version="1.0" encoding="UTF-8"?>
<!-- Generated by org.testng.reporters.JUnitReportReporter -->
<testsuite hostname="VIDHYA" failures="0" tests="10" name="testNG.threadPoolSize" time="134.641" errors="0" timestamp="2025-07-24T19:45:26 IST" skipped="0">
  <testcase classname="testNG.threadPoolSize" name="driver" time="15.109"/>
  <testcase classname="testNG.threadPoolSize" name="driver" time="19.405"/>
  <testcase classname="testNG.threadPoolSize" name="driver" time="8.198"/>
  <testcase classname="testNG.threadPoolSize" name="driver" time="13.445"/>
  <testcase classname="testNG.threadPoolSize" name="driver" time="12.727"/>
  <testcase classname="testNG.threadPoolSize" name="driver" time="14.407"/>
  <testcase classname="testNG.threadPoolSize" name="driver" time="12.844"/>
  <testcase classname="testNG.threadPoolSize" name="driver" time="11.817"/>
  <testcase classname="testNG.threadPoolSize" name="driver" time="14.963"/>
  <testcase classname="testNG.threadPoolSize" name="driver" time="11.726"/>
</testsuite> <!-- testNG.threadPoolSize -->
