<?xml version="1.0" encoding="UTF-8"?>
<!-- Generated by org.testng.reporters.JUnitReportReporter -->
<testsuite hostname="VIDHYA" failures="0" tests="3" name="testNG.dependsOn" time="0.024" errors="0" timestamp="2025-07-24T20:05:09 IST" skipped="0">
  <testcase classname="testNG.dependsOn" name="editCart" time="0.002">
    <system-out>
      <![CDATA[edit cart]]>
    </system-out>
  </testcase> <!-- editCart -->
  <testcase classname="testNG.dependsOn" name="addCart" time="0.016">
    <system-out>
      <![CDATA[add cart]]>
    </system-out>
  </testcase> <!-- addCart -->
  <testcase classname="testNG.dependsOn" name="delCart" time="0.006">
    <system-out>
      <![CDATA[del cart]]>
    </system-out>
  </testcase> <!-- delCart -->
  <system-out>
    <![CDATA[add cart
edit cart
del cart]]>
  </system-out>
</testsuite> <!-- testNG.dependsOn -->
