<?xml version="1.0" encoding="UTF-8"?>
<!-- Generated by org.testng.reporters.JUnitReportReporter -->
<testsuite hostname="VIDHYA" failures="0" tests="3" name="testNG.invocationCount" time="22.285" errors="0" timestamp="2025-07-24T19:31:29 IST" skipped="0">
  <testcase classname="testNG.invocationCount" name="driver" time="12.042"/>
  <testcase classname="testNG.invocationCount" name="driver" time="5.074"/>
  <testcase classname="testNG.invocationCount" name="driver" time="5.169"/>
</testsuite> <!-- testNG.invocationCount -->
