<?xml version="1.0" encoding="UTF-8"?>
<!-- Generated by org.testng.reporters.JUnitReportReporter -->
<testsuite hostname="VIDHYA" failures="0" tests="5" name="testNG.enabled" time="0.020" errors="0" timestamp="2025-07-24T19:54:10 IST" skipped="3">
  <testcase classname="testNG.enabled" name="a18" time="0.017">
    <system-out>
      <![CDATA[a18 executed]]>
    </system-out>
  </testcase> <!-- a18 -->
  <testcase classname="testNG.enabled" name="b24" time="0.003">
    <system-out>
      <![CDATA[b24 executed]]>
    </system-out>
  </testcase> <!-- b24 -->
  <testcase classname="testNG.enabled" name="a11">
    <skipped/>
  </testcase> <!-- a11 -->
  <testcase classname="testNG.enabled" name="a23">
    <skipped/>
  </testcase> <!-- a23 -->
  <testcase classname="testNG.enabled" name="b26">
    <skipped/>
  </testcase> <!-- b26 -->
  <system-out>
    <![CDATA[a18 executed
b24 executed]]>
  </system-out>
</testsuite> <!-- testNG.enabled -->
