<?xml version="1.0" encoding="UTF-8"?>
<!-- Generated by org.testng.reporters.JUnitReportReporter -->
<testsuite hostname="VIDHYA" failures="0" tests="1" name="DDT.implementCreateCampaignWithExpectedClosureDate" time="6.569" errors="0" timestamp="2025-07-26T19:46:25 IST" skipped="0">
  <testcase classname="DDT.implementCreateCampaignWithExpectedClosureDate" name="toCreateCampaignwithExpectedDate" time="6.569"/>
</testsuite> <!-- DDT.implementCreateCampaignWithExpectedClosureDate -->
