<?xml version="1.0" encoding="UTF-8"?>
<!-- Generated by org.testng.reporters.JUnitReportReporter -->
<testsuite hostname="VIDHYA" failures="0" tests="3" name="testNG.dataProviders" time="0.021" errors="0" timestamp="2025-07-25T19:36:59 IST" skipped="0">
  <testcase classname="testNG.dataProviders" name="login" time="0.014"/>
  <testcase classname="testNG.dataProviders" name="login" time="0.003"/>
  <testcase classname="testNG.dataProviders" name="login" time="0.004"/>
</testsuite> <!-- testNG.dataProviders -->
