<?xml version="1.0" encoding="UTF-8"?>
<!-- Generated by org.testng.reporters.JUnitReportReporter -->
<testsuite hostname="VIDHYA" failures="0" tests="1" name="Product.productTest" time="5.523" errors="0" timestamp="2025-08-01T21:01:33 IST" skipped="0">
  <testcase classname="Product.productTest" name="createproductTest" time="5.523"/>
</testsuite> <!-- Product.productTest -->
