<?xml version="1.0" encoding="UTF-8"?>
<!-- Generated by org.testng.reporters.JUnitReportReporter -->
<testsuite hostname="VIDHYA" failures="0" tests="1" name="DDT.implementCreateProduct" time="7.423" errors="0" timestamp="2025-07-26T19:49:42 IST" skipped="0">
  <testcase classname="DDT.implementCreateProduct" name="createproduct" time="7.423"/>
</testsuite> <!-- DDT.implementCreateProduct -->
