<?xml version="1.0" encoding="UTF-8"?>
<!-- Generated by org.testng.reporters.JUnitReportReporter -->
<testsuite hostname="VIDHYA" failures="0" tests="5" name="testNG.Demo" time="0.051" errors="0" timestamp="2025-07-23T20:17:41 IST" skipped="0">
  <testcase classname="testNG.Demo" name="a11" time="0.024">
    <system-out>
      <![CDATA[a11 executed]]>
    </system-out>
  </testcase> <!-- a11 -->
  <testcase classname="testNG.Demo" name="b24" time="0.010">
    <system-out>
      <![CDATA[b24 executed]]>
    </system-out>
  </testcase> <!-- b24 -->
  <testcase classname="testNG.Demo" name="a18" time="0.005">
    <system-out>
      <![CDATA[a18 executed]]>
    </system-out>
  </testcase> <!-- a18 -->
  <testcase classname="testNG.Demo" name="a23" time="0.003">
    <system-out>
      <![CDATA[a23 executed]]>
    </system-out>
  </testcase> <!-- a23 -->
  <testcase classname="testNG.Demo" name="b26" time="0.009">
    <system-out>
      <![CDATA[b26 executed]]>
    </system-out>
  </testcase> <!-- b26 -->
  <system-out>
    <![CDATA[a11 executed
a18 executed
a23 executed
b24 executed
b26 executed]]>
  </system-out>
</testsuite> <!-- testNG.Demo -->
