<?xml version="1.0" encoding="UTF-8"?>
<!-- Generated by org.testng.reporters.JUnitReportReporter -->
<testsuite hostname="VIDHYA" failures="0" tests="1" name="CommandTest.commandLineTest" time="0.013" errors="0" timestamp="2025-08-04T20:57:04 IST" skipped="0">
  <testcase classname="CommandTest.commandLineTest" name="commandLineTest" time="0.013"/>
</testsuite> <!-- CommandTest.commandLineTest -->
