<?xml version="1.0" encoding="UTF-8"?>
<!-- Generated by org.testng.reporters.JUnitReportReporter -->
<testsuite hostname="VIDHYA" failures="0" tests="1" name="testNG.Configuartionannotation" time="0.012" errors="0" timestamp="2025-07-25T22:42:39 IST" skipped="0">
  <testcase classname="testNG.Configuartionannotation" name="demo" time="0.012"/>
</testsuite> <!-- testNG.Configuartionannotation -->
