<?xml version="1.0" encoding="UTF-8"?>
<!-- Generated by org.testng.reporters.JUnitReportReporter -->
<testsuite hostname="VIDHYA" failures="0" tests="3" name="testNG.Priority" time="0.030" errors="0" timestamp="2025-07-24T19:25:38 IST" skipped="0">
  <testcase classname="testNG.Priority" name="sub" time="0.025">
    <system-out>
      <![CDATA[sub]]>
    </system-out>
  </testcase> <!-- sub -->
  <testcase classname="testNG.Priority" name="div" time="0.003">
    <system-out>
      <![CDATA[div]]>
    </system-out>
  </testcase> <!-- div -->
  <testcase classname="testNG.Priority" name="add" time="0.002">
    <system-out>
      <![CDATA[Add]]>
    </system-out>
  </testcase> <!-- add -->
  <system-out>
    <![CDATA[sub
div
Add]]>
  </system-out>
</testsuite> <!-- testNG.Priority -->
