<?xml version="1.0" encoding="UTF-8"?>
<!-- Generated by org.testng.reporters.JUnitReportReporter -->
<testsuite hostname="VIDHYA" failures="0" tests="1" name="testNG.HardAssertAndSoftAssert" time="5.949" errors="0" timestamp="2025-07-29T20:48:49 IST" skipped="0">
  <testcase classname="testNG.HardAssertAndSoftAssert" name="demo" time="5.949"/>
</testsuite> <!-- testNG.HardAssertAndSoftAssert -->
